# JRE version: Java(TM) SE Runtime Environment (8.0_191-b12) (build 1.8.0_191-b12)
# Java VM: Java HotSpot(TM) 64-Bit Server VM (25.191-b12 mixed mode windows-amd64 compressed oops)
Heap:
 PSYoungGen      total 278528K, used 202323K [0x00000000e1580000, 0x00000000f8c80000, 0x0000000100000000)
  eden space 259584K, 77% used [0x00000000e1580000,0x00000000edb14f38,0x00000000f1300000)
  from space 18944K, 0% used [0x00000000f3400000,0x00000000f3400000,0x00000000f4680000)
  to   space 33792K, 0% used [0x00000000f1300000,0x00000000f1300000,0x00000000f3400000)
 ParOldGen       total 140288K, used 99114K [0x00000000a4000000, 0x00000000ac900000, 0x00000000e1580000)
  object space 140288K, 70% used [0x00000000a4000000,0x00000000aa0cab90,0x00000000ac900000)
 Metaspace       used 55154K, capacity 57480K, committed 57728K, reserved 1097728K
  class space    used 8098K, capacity 8558K, committed 8576K, reserved 1048576K
GC Heap History (10 events):
Event: 93.037 GC heap before
{Heap before GC invocations=16 (full 3):
 PSYoungGen      total 278528K, used 263932K [0x00000000e1580000, 0x00000000f8c80000, 0x0000000100000000)
  eden space 259584K, 100% used [0x00000000e1580000,0x00000000f1300000,0x00000000f1300000)
  from space 18944K, 22% used [0x00000000f3400000,0x00000000f383f2a8,0x00000000f4680000)
  to   space 33792K, 0% used [0x00000000f1300000,0x00000000f1300000,0x00000000f3400000)
 ParOldGen       total 140288K, used 70921K [0x00000000a4000000, 0x00000000ac900000, 0x00000000e1580000)
  object space 140288K, 50% used [0x00000000a4000000,0x00000000a85424f8,0x00000000ac900000)
 Metaspace       used 51065K, capacity 53032K, committed 53248K, reserved 1095680K
  class space    used 7467K, capacity 7855K, committed 7936K, reserved 1048576K
Event: 93.106 GC heap after
Heap after GC invocations=16 (full 3):
 PSYoungGen      total 293376K, used 30716K [0x00000000e1580000, 0x00000000f8c80000, 0x0000000100000000)
  eden space 259584K, 0% used [0x00000000e1580000,0x00000000e1580000,0x00000000f1300000)
  from space 33792K, 90% used [0x00000000f1300000,0x00000000f30ff300,0x00000000f3400000)
  to   space 18944K, 0% used [0x00000000f3400000,0x00000000f3400000,0x00000000f4680000)
 ParOldGen       total 140288K, used 75289K [0x00000000a4000000, 0x00000000ac900000, 0x00000000e1580000)
  object space 140288K, 53% used [0x00000000a4000000,0x00000000a89864f8,0x00000000ac900000)
 Metaspace       used 51065K, capacity 53032K, committed 53248K, reserved 1095680K
  class space    used 7467K, capacity 7855K, committed 7936K, reserved 1048576K
}
Event: 94.865 GC heap before
{Heap before GC invocations=17 (full 3):
 PSYoungGen      total 293376K, used 288931K [0x00000000e1580000, 0x00000000f8c80000, 0x0000000100000000)
  eden space 259584K, 99% used [0x00000000e1580000,0x00000000f11a9b58,0x00000000f1300000)
  from space 33792K, 90% used [0x00000000f1300000,0x00000000f30ff300,0x00000000f3400000)
  to   space 18944K, 0% used [0x00000000f3400000,0x00000000f3400000,0x00000000f4680000)
 ParOldGen       total 140288K, used 75289K [0x00000000a4000000, 0x00000000ac900000, 0x00000000e1580000)
  object space 140288K, 53% used [0x00000000a4000000,0x00000000a89864f8,0x00000000ac900000)
 Metaspace       used 51065K, capacity 53032K, committed 53248K, reserved 1095680K
  class space    used 7467K, capacity 7855K, committed 7936K, reserved 1048576K
Event: 94.909 GC heap after
Heap after GC invocations=17 (full 3):
 PSYoungGen      total 278528K, used 17204K [0x00000000e1580000, 0x00000000f8c80000, 0x0000000100000000)
  eden space 259584K, 0% used [0x00000000e1580000,0x00000000e1580000,0x00000000f1300000)
  from space 18944K, 90% used [0x00000000f3400000,0x00000000f44cd0e8,0x00000000f4680000)
  to   space 33792K, 0% used [0x00000000f1300000,0x00000000f1300000,0x00000000f3400000)
 ParOldGen       total 140288K, used 100400K [0x00000000a4000000, 0x00000000ac900000, 0x00000000e1580000)
  object space 140288K, 71% used [0x00000000a4000000,0x00000000aa20c3c8,0x00000000ac900000)
 Metaspace       used 51065K, capacity 53032K, committed 53248K, reserved 1095680K
  class space    used 7467K, capacity 7855K, committed 7936K, reserved 1048576K
}
Event: 96.531 GC heap before
{Heap before GC invocations=18 (full 3):
 PSYoungGen      total 278528K, used 275766K [0x00000000e1580000, 0x00000000f8c80000, 0x0000000100000000)
  eden space 259584K, 99% used [0x00000000e1580000,0x00000000f1200a40,0x00000000f1300000)
  from space 18944K, 90% used [0x00000000f3400000,0x00000000f44cd0e8,0x00000000f4680000)
  to   space 33792K, 0% used [0x00000000f1300000,0x00000000f1300000,0x00000000f3400000)
 ParOldGen       total 140288K, used 100400K [0x00000000a4000000, 0x00000000ac900000, 0x00000000e1580000)
  object space 140288K, 71% used [0x00000000a4000000,0x00000000aa20c3c8,0x00000000ac900000)
 Metaspace       used 51065K, capacity 53032K, committed 53248K, reserved 1095680K
  class space    used 7467K, capacity 7855K, committed 7936K, reserved 1048576K
Event: 96.549 GC heap after
Heap after GC invocations=18 (full 3):
 PSYoungGen      total 293376K, used 22695K [0x00000000e1580000, 0x00000000f8c80000, 0x0000000100000000)
  eden space 259584K, 0% used [0x00000000e1580000,0x00000000e1580000,0x00000000f1300000)
  from space 33792K, 67% used [0x00000000f1300000,0x00000000f2929ce0,0x00000000f3400000)
  to   space 18944K, 0% used [0x00000000f3400000,0x00000000f3400000,0x00000000f4680000)
 ParOldGen       total 140288K, used 107548K [0x00000000a4000000, 0x00000000ac900000, 0x00000000e1580000)
  object space 140288K, 76% used [0x00000000a4000000,0x00000000aa907048,0x00000000ac900000)
 Metaspace       used 51065K, capacity 53032K, committed 53248K, reserved 1095680K
  class space    used 7467K, capacity 7855K, committed 7936K, reserved 1048576K
}
Event: 98.927 GC heap before
{Heap before GC invocations=19 (full 3):
 PSYoungGen      total 293376K, used 282123K [0x00000000e1580000, 0x00000000f8c80000, 0x0000000100000000)
  eden space 259584K, 99% used [0x00000000e1580000,0x00000000f12d8fe8,0x00000000f1300000)
  from space 33792K, 67% used [0x00000000f1300000,0x00000000f2929ce0,0x00000000f3400000)
  to   space 18944K, 0% used [0x00000000f3400000,0x00000000f3400000,0x00000000f4680000)
 ParOldGen       total 140288K, used 107548K [0x00000000a4000000, 0x00000000ac900000, 0x00000000e1580000)
  object space 140288K, 76% used [0x00000000a4000000,0x00000000aa907048,0x00000000ac900000)
 Metaspace       used 51065K, capacity 53032K, committed 53248K, reserved 1095680K
  class space    used 7467K, capacity 7855K, committed 7936K, reserved 1048576K
Event: 98.980 GC heap after
Heap after GC invocations=19 (full 3):
 PSYoungGen      total 278528K, used 12747K [0x00000000e1580000, 0x00000000f8c80000, 0x0000000100000000)
  eden space 259584K, 0% used [0x00000000e1580000,0x00000000e1580000,0x00000000f1300000)
  from space 18944K, 67% used [0x00000000f3400000,0x00000000f4072de8,0x00000000f4680000)
  to   space 33792K, 0% used [0x00000000f1300000,0x00000000f1300000,0x00000000f3400000)
 ParOldGen       total 140288K, used 121841K [0x00000000a4000000, 0x00000000ac900000, 0x00000000e1580000)
  object space 140288K, 86% used [0x00000000a4000000,0x00000000ab6fc7e8,0x00000000ac900000)
 Metaspace       used 51065K, capacity 53032K, committed 53248K, reserved 1095680K
  class space    used 7467K, capacity 7855K, committed 7936K, reserved 1048576K
}
Event: 98.980 GC heap before
{Heap before GC invocations=20 (full 4):
 PSYoungGen      total 278528K, used 12747K [0x00000000e1580000, 0x00000000f8c80000, 0x0000000100000000)
  eden space 259584K, 0% used [0x00000000e1580000,0x00000000e1580000,0x00000000f1300000)
  from space 18944K, 67% used [0x00000000f3400000,0x00000000f4072de8,0x00000000f4680000)
  to   space 33792K, 0% used [0x00000000f1300000,0x00000000f1300000,0x00000000f3400000)
 ParOldGen       total 140288K, used 121841K [0x00000000a4000000, 0x00000000ac900000, 0x00000000e1580000)
  object space 140288K, 86% used [0x00000000a4000000,0x00000000ab6fc7e8,0x00000000ac900000)
 Metaspace       used 51065K, capacity 53032K, committed 53248K, reserved 1095680K
  class space    used 7467K, capacity 7855K, committed 7936K, reserved 1048576K
Event: 99.177 GC heap after
Heap after GC invocations=20 (full 4):
 PSYoungGen      total 278528K, used 0K [0x00000000e1580000, 0x00000000f8c80000, 0x0000000100000000)
  eden space 259584K, 0% used [0x00000000e1580000,0x00000000e1580000,0x00000000f1300000)
  from space 18944K, 0% used [0x00000000f3400000,0x00000000f3400000,0x00000000f4680000)
  to   space 33792K, 0% used [0x00000000f1300000,0x00000000f1300000,0x00000000f3400000)
 ParOldGen       total 140288K, used 99114K [0x00000000a4000000, 0x00000000ac900000, 0x00000000e1580000)
  object space 140288K, 70% used [0x00000000a4000000,0x00000000aa0cab90,0x00000000ac900000)
 Metaspace       used 51065K, capacity 53032K, committed 53248K, reserved 1095680K
  class space    used 7467K, capacity 7855K, committed 7936K, reserved 1048576K
}

